0 info it worked if it ends with ok
1 verbose cli [ '/Users/cedric/.nvm/versions/node/v5.1.0/bin/node',
1 verbose cli   '/Users/cedric/.nvm/versions/node/v5.1.0/bin/npm',
1 verbose cli   'run',
1 verbose cli   'build' ]
2 info using npm@3.3.12
3 info using node@v5.1.0
4 verbose run-script [ 'prebuild', 'build', 'postbuild' ]
5 info lifecycle bap-node-microframework@0.0.1~prebuild: bap-node-microframework@0.0.1
6 silly lifecycle bap-node-microframework@0.0.1~prebuild: no script for prebuild, continuing
7 info lifecycle bap-node-microframework@0.0.1~build: bap-node-microframework@0.0.1
8 verbose lifecycle bap-node-microframework@0.0.1~build: unsafe-perm in lifecycle true
9 verbose lifecycle bap-node-microframework@0.0.1~build: PATH: /Users/cedric/.nvm/versions/node/v5.1.0/lib/node_modules/npm/bin/node-gyp-bin:/Users/cedric/Documents/DonkeyCode/Clients/14_BAP/04_CALENDAR/node-microframework/node_modules/.bin:/Users/cedric/.nvm/versions/node/v5.1.0/bin:/Users/cedric/google-cloud-sdk/bin:/opt/local/bin:/opt/local/sbin:/usr/local/bin:/usr/bin:/bin:/usr/sbin:/sbin:/opt/X11/bin:/Users/cedric/Library/Android/sdk/tools:/Users/cedric/Library/Android/sdk/platform-tools
10 verbose lifecycle bap-node-microframework@0.0.1~build: CWD: /Users/cedric/Documents/DonkeyCode/Clients/14_BAP/04_CALENDAR/node-microframework
11 silly lifecycle bap-node-microframework@0.0.1~build: Args: [ '-c',
11 silly lifecycle   'npm run tsc && find . -type f -depth 1 -name \'*.ts\' | xargs -I {} tsc {} --declaration --module commonjs' ]
12 silly lifecycle bap-node-microframework@0.0.1~build: Returned: code: 1  signal: null
13 info lifecycle bap-node-microframework@0.0.1~build: Failed to exec build script
14 verbose stack Error: bap-node-microframework@0.0.1 build: `npm run tsc && find . -type f -depth 1 -name '*.ts' | xargs -I {} tsc {} --declaration --module commonjs`
14 verbose stack Exit status 1
14 verbose stack     at EventEmitter.<anonymous> (/Users/cedric/.nvm/versions/node/v5.1.0/lib/node_modules/npm/lib/utils/lifecycle.js:232:16)
14 verbose stack     at emitTwo (events.js:87:13)
14 verbose stack     at EventEmitter.emit (events.js:172:7)
14 verbose stack     at ChildProcess.<anonymous> (/Users/cedric/.nvm/versions/node/v5.1.0/lib/node_modules/npm/lib/utils/spawn.js:24:14)
14 verbose stack     at emitTwo (events.js:87:13)
14 verbose stack     at ChildProcess.emit (events.js:172:7)
14 verbose stack     at maybeClose (internal/child_process.js:818:16)
14 verbose stack     at Process.ChildProcess._handle.onexit (internal/child_process.js:211:5)
15 verbose pkgid bap-node-microframework@0.0.1
16 verbose cwd /Users/cedric/Documents/DonkeyCode/Clients/14_BAP/04_CALENDAR/node-microframework
17 error Darwin 15.3.0
18 error argv "/Users/cedric/.nvm/versions/node/v5.1.0/bin/node" "/Users/cedric/.nvm/versions/node/v5.1.0/bin/npm" "run" "build"
19 error node v5.1.0
20 error npm  v3.3.12
21 error code ELIFECYCLE
22 error bap-node-microframework@0.0.1 build: `npm run tsc && find . -type f -depth 1 -name '*.ts' | xargs -I {} tsc {} --declaration --module commonjs`
22 error Exit status 1
23 error Failed at the bap-node-microframework@0.0.1 build script 'npm run tsc && find . -type f -depth 1 -name '*.ts' | xargs -I {} tsc {} --declaration --module commonjs'.
23 error Make sure you have the latest version of node.js and npm installed.
23 error If you do, this is most likely a problem with the bap-node-microframework package,
23 error not with npm itself.
23 error Tell the author that this fails on your system:
23 error     npm run tsc && find . -type f -depth 1 -name '*.ts' | xargs -I {} tsc {} --declaration --module commonjs
23 error You can get their info via:
23 error     npm owner ls bap-node-microframework
23 error There is likely additional logging output above.
24 verbose exit [ 1, true ]
